<?xml version="1.0" encoding="UTF-8"?>
<coverage generated="1668171278722" clover="3.2.0">
  <project timestamp="1668171278722" name="All files">
    <metrics statements="4" coveredstatements="4" conditionals="0" coveredconditionals="0" methods="3" coveredmethods="3" elements="7" coveredelements="7" complexity="0" loc="4" ncloc="4" packages="1" files="1" classes="1"/>
    <file name="helper.js" path="C:\Users\HP\Desktop\TDD\utils\helper.js">
      <metrics statements="4" coveredstatements="4" conditionals="0" coveredconditionals="0" methods="3" coveredmethods="3"/>
      <line num="1" count="1" type="stmt"/>
      <line num="2" count="1" type="stmt"/>
      <line num="5" count="1" type="stmt"/>
      <line num="6" count="6" type="stmt"/>
    </file>
  </project>
</coverage>
