{"C:\\Users\\HP\\Desktop\\TDD\\routes\\article.route.js": {"path":"C:\\Users\\HP\\Desktop\\TDD\\routes\\article.route.js","statementMap":{"0":{"start":{"line":1,"column":16},"end":{"line":1,"column":34}},"1":{"start":{"line":2,"column":15},"end":{"line":2,"column":31}},"2":{"start":{"line":3,"column":21},"end":{"line":3,"column":57}},"3":{"start":{"line":4,"column":17},"end":{"line":4,"column":54}},"4":{"start":{"line":5,"column":36},"end":{"line":5,"column":64}},"5":{"start":{"line":8,"column":0},"end":{"line":10,"column":3}},"6":{"start":{"line":9,"column":4},"end":{"line":9,"column":26}},"7":{"start":{"line":12,"column":0},"end":{"line":46,"column":3}},"8":{"start":{"line":19,"column":19},"end":{"line":19,"column":40}},"9":{"start":{"line":21,"column":4},"end":{"line":25,"column":5}},"10":{"start":{"line":22,"column":8},"end":{"line":24,"column":10}},"11":{"start":{"line":26,"column":36},"end":{"line":26,"column":44}},"12":{"start":{"line":27,"column":4},"end":{"line":32,"column":6}},"13":{"start":{"line":34,"column":20},"end":{"line":34,"column":38}},"14":{"start":{"line":36,"column":4},"end":{"line":41,"column":5}},"15":{"start":{"line":37,"column":8},"end":{"line":40,"column":11}},"16":{"start":{"line":43,"column":4},"end":{"line":45,"column":6}},"17":{"start":{"line":48,"column":0},"end":{"line":85,"column":3}},"18":{"start":{"line":49,"column":26},"end":{"line":49,"column":36}},"19":{"start":{"line":50,"column":36},"end":{"line":50,"column":44}},"20":{"start":{"line":52,"column":25},"end":{"line":52,"column":80}},"21":{"start":{"line":52,"column":56},"end":{"line":52,"column":79}},"22":{"start":{"line":54,"column":4},"end":{"line":59,"column":5}},"23":{"start":{"line":55,"column":8},"end":{"line":58,"column":11}},"24":{"start":{"line":61,"column":25},"end":{"line":61,"column":29}},"25":{"start":{"line":63,"column":28},"end":{"line":74,"column":6}},"26":{"start":{"line":64,"column":8},"end":{"line":72,"column":9}},"27":{"start":{"line":65,"column":12},"end":{"line":70,"column":14}},"28":{"start":{"line":71,"column":12},"end":{"line":71,"column":34}},"29":{"start":{"line":73,"column":8},"end":{"line":73,"column":23}},"30":{"start":{"line":75,"column":20},"end":{"line":75,"column":41}},"31":{"start":{"line":77,"column":4},"end":{"line":82,"column":5}},"32":{"start":{"line":78,"column":8},"end":{"line":81,"column":11}},"33":{"start":{"line":84,"column":4},"end":{"line":84,"column":40}},"34":{"start":{"line":87,"column":0},"end":{"line":113,"column":3}},"35":{"start":{"line":88,"column":26},"end":{"line":88,"column":36}},"36":{"start":{"line":89,"column":36},"end":{"line":89,"column":44}},"37":{"start":{"line":91,"column":25},"end":{"line":91,"column":80}},"38":{"start":{"line":91,"column":56},"end":{"line":91,"column":79}},"39":{"start":{"line":93,"column":4},"end":{"line":98,"column":5}},"40":{"start":{"line":94,"column":8},"end":{"line":97,"column":11}},"41":{"start":{"line":99,"column":29},"end":{"line":99,"column":86}},"42":{"start":{"line":99,"column":62},"end":{"line":99,"column":85}},"43":{"start":{"line":101,"column":20},"end":{"line":101,"column":42}},"44":{"start":{"line":103,"column":4},"end":{"line":108,"column":5}},"45":{"start":{"line":104,"column":8},"end":{"line":107,"column":11}},"46":{"start":{"line":110,"column":4},"end":{"line":112,"column":6}},"47":{"start":{"line":115,"column":0},"end":{"line":115,"column":24}}},"fnMap":{"0":{"name":"(anonymous_0)","decl":{"start":{"line":8,"column":16},"end":{"line":8,"column":17}},"loc":{"start":{"line":8,"column":28},"end":{"line":10,"column":1}},"line":8},"1":{"name":"(anonymous_1)","decl":{"start":{"line":18,"column":0},"end":{"line":18,"column":1}},"loc":{"start":{"line":18,"column":14},"end":{"line":46,"column":1}},"line":18},"2":{"name":"(anonymous_2)","decl":{"start":{"line":48,"column":26},"end":{"line":48,"column":27}},"loc":{"start":{"line":48,"column":38},"end":{"line":85,"column":1}},"line":48},"3":{"name":"(anonymous_3)","decl":{"start":{"line":52,"column":43},"end":{"line":52,"column":44}},"loc":{"start":{"line":52,"column":56},"end":{"line":52,"column":79}},"line":52},"4":{"name":"(anonymous_4)","decl":{"start":{"line":63,"column":45},"end":{"line":63,"column":46}},"loc":{"start":{"line":63,"column":56},"end":{"line":74,"column":5}},"line":63},"5":{"name":"(anonymous_5)","decl":{"start":{"line":87,"column":29},"end":{"line":87,"column":30}},"loc":{"start":{"line":87,"column":41},"end":{"line":113,"column":1}},"line":87},"6":{"name":"(anonymous_6)","decl":{"start":{"line":91,"column":43},"end":{"line":91,"column":44}},"loc":{"start":{"line":91,"column":56},"end":{"line":91,"column":79}},"line":91},"7":{"name":"(anonymous_7)","decl":{"start":{"line":99,"column":49},"end":{"line":99,"column":50}},"loc":{"start":{"line":99,"column":62},"end":{"line":99,"column":85}},"line":99}},"branchMap":{"0":{"loc":{"start":{"line":21,"column":4},"end":{"line":25,"column":5}},"type":"if","locations":[{"start":{"line":21,"column":4},"end":{"line":25,"column":5}},{"start":{},"end":{}}],"line":21},"1":{"loc":{"start":{"line":36,"column":4},"end":{"line":41,"column":5}},"type":"if","locations":[{"start":{"line":36,"column":4},"end":{"line":41,"column":5}},{"start":{},"end":{}}],"line":36},"2":{"loc":{"start":{"line":54,"column":4},"end":{"line":59,"column":5}},"type":"if","locations":[{"start":{"line":54,"column":4},"end":{"line":59,"column":5}},{"start":{},"end":{}}],"line":54},"3":{"loc":{"start":{"line":64,"column":8},"end":{"line":72,"column":9}},"type":"if","locations":[{"start":{"line":64,"column":8},"end":{"line":72,"column":9}},{"start":{},"end":{}}],"line":64},"4":{"loc":{"start":{"line":77,"column":4},"end":{"line":82,"column":5}},"type":"if","locations":[{"start":{"line":77,"column":4},"end":{"line":82,"column":5}},{"start":{},"end":{}}],"line":77},"5":{"loc":{"start":{"line":93,"column":4},"end":{"line":98,"column":5}},"type":"if","locations":[{"start":{"line":93,"column":4},"end":{"line":98,"column":5}},{"start":{},"end":{}}],"line":93},"6":{"loc":{"start":{"line":103,"column":4},"end":{"line":108,"column":5}},"type":"if","locations":[{"start":{"line":103,"column":4},"end":{"line":108,"column":5}},{"start":{},"end":{}}],"line":103}},"s":{"0":1,"1":1,"2":1,"3":1,"4":1,"5":1,"6":1,"7":1,"8":2,"9":2,"10":1,"11":1,"12":1,"13":1,"14":1,"15":0,"16":1,"17":1,"18":2,"19":2,"20":2,"21":348,"22":2,"23":1,"24":1,"25":1,"26":190,"27":1,"28":1,"29":189,"30":1,"31":1,"32":0,"33":1,"34":1,"35":2,"36":2,"37":2,"38":380,"39":2,"40":2,"41":0,"42":0,"43":0,"44":0,"45":0,"46":0,"47":1},"f":{"0":1,"1":2,"2":2,"3":348,"4":190,"5":2,"6":380,"7":0},"b":{"0":[1,1],"1":[0,1],"2":[1,1],"3":[1,189],"4":[0,1],"5":[2,0],"6":[0,0]},"_coverageSchema":"1a1c01bbd47fc00a2c39e90264f33305004495a9","hash":"7693d5bcaf699c5b8770d00868a4e9073efcdafc"}
,"C:\\Users\\HP\\Desktop\\TDD\\routes\\user.route.js": {"path":"C:\\Users\\HP\\Desktop\\TDD\\routes\\user.route.js","statementMap":{"0":{"start":{"line":1,"column":16},"end":{"line":1,"column":34}},"1":{"start":{"line":2,"column":15},"end":{"line":2,"column":31}},"2":{"start":{"line":3,"column":18},"end":{"line":3,"column":51}},"3":{"start":{"line":4,"column":36},"end":{"line":4,"column":64}},"4":{"start":{"line":7,"column":0},"end":{"line":9,"column":3}},"5":{"start":{"line":8,"column":4},"end":{"line":8,"column":23}},"6":{"start":{"line":11,"column":0},"end":{"line":24,"column":3}},"7":{"start":{"line":17,"column":19},"end":{"line":17,"column":40}},"8":{"start":{"line":19,"column":4},"end":{"line":23,"column":5}},"9":{"start":{"line":20,"column":8},"end":{"line":22,"column":10}},"10":{"start":{"line":26,"column":0},"end":{"line":26,"column":24}}},"fnMap":{"0":{"name":"(anonymous_0)","decl":{"start":{"line":7,"column":16},"end":{"line":7,"column":17}},"loc":{"start":{"line":7,"column":28},"end":{"line":9,"column":1}},"line":7},"1":{"name":"(anonymous_1)","decl":{"start":{"line":16,"column":0},"end":{"line":16,"column":1}},"loc":{"start":{"line":16,"column":14},"end":{"line":24,"column":1}},"line":16}},"branchMap":{"0":{"loc":{"start":{"line":19,"column":4},"end":{"line":23,"column":5}},"type":"if","locations":[{"start":{"line":19,"column":4},"end":{"line":23,"column":5}},{"start":{},"end":{}}],"line":19}},"s":{"0":1,"1":1,"2":1,"3":1,"4":1,"5":1,"6":1,"7":1,"8":1,"9":1,"10":1},"f":{"0":1,"1":1},"b":{"0":[1,0]},"_coverageSchema":"1a1c01bbd47fc00a2c39e90264f33305004495a9","hash":"ea0e8407ac899510efac23b30a52b5fe118947d8"}
,"C:\\Users\\HP\\Desktop\\TDD\\utils\\helper.js": {"path":"C:\\Users\\HP\\Desktop\\TDD\\utils\\helper.js","statementMap":{"0":{"start":{"line":1,"column":0},"end":{"line":3,"column":1}},"1":{"start":{"line":2,"column":4},"end":{"line":2,"column":15}},"2":{"start":{"line":5,"column":0},"end":{"line":7,"column":1}},"3":{"start":{"line":6,"column":4},"end":{"line":6,"column":61}},"4":{"start":{"line":6,"column":36},"end":{"line":6,"column":60}}},"fnMap":{"0":{"name":"(anonymous_0)","decl":{"start":{"line":1,"column":14},"end":{"line":1,"column":15}},"loc":{"start":{"line":1,"column":23},"end":{"line":3,"column":1}},"line":1},"1":{"name":"(anonymous_1)","decl":{"start":{"line":5,"column":25},"end":{"line":5,"column":26}},"loc":{"start":{"line":5,"column":46},"end":{"line":7,"column":1}},"line":5},"2":{"name":"(anonymous_2)","decl":{"start":{"line":6,"column":26},"end":{"line":6,"column":27}},"loc":{"start":{"line":6,"column":36},"end":{"line":6,"column":60}},"line":6}},"branchMap":{},"s":{"0":1,"1":1,"2":1,"3":2,"4":6},"f":{"0":1,"1":2,"2":6},"b":{},"_coverageSchema":"1a1c01bbd47fc00a2c39e90264f33305004495a9","hash":"28f67832bc770a2e32fb607e13db5a590d01b60b"}
,"C:\\Users\\HP\\Desktop\\TDD\\utils\\helperIntegration.js": {"path":"C:\\Users\\HP\\Desktop\\TDD\\utils\\helperIntegration.js","statementMap":{"0":{"start":{"line":1,"column":11},"end":{"line":1,"column":24}},"1":{"start":{"line":2,"column":13},"end":{"line":2,"column":28}},"2":{"start":{"line":5,"column":4},"end":{"line":10,"column":5}},"3":{"start":{"line":6,"column":8},"end":{"line":6,"column":112}},"4":{"start":{"line":7,"column":8},"end":{"line":7,"column":20}},"5":{"start":{"line":9,"column":8},"end":{"line":9,"column":21}},"6":{"start":{"line":13,"column":0},"end":{"line":15,"column":1}}},"fnMap":{"0":{"name":"save","decl":{"start":{"line":4,"column":9},"end":{"line":4,"column":13}},"loc":{"start":{"line":4,"column":27},"end":{"line":11,"column":1}},"line":4}},"branchMap":{},"s":{"0":1,"1":1,"2":2,"3":2,"4":2,"5":0,"6":1},"f":{"0":2},"b":{},"_coverageSchema":"1a1c01bbd47fc00a2c39e90264f33305004495a9","hash":"71de948504feba380953fd62a93f2aa20ddebc50"}
}
