TN:
SF:routes\article.route.js
FN:8,(anonymous_0)
FN:18,(anonymous_1)
FN:48,(anonymous_2)
FN:52,(anonymous_3)
FNF:4
FNH:4
FNDA:1,(anonymous_0)
FNDA:2,(anonymous_1)
FNDA:1,(anonymous_2)
FNDA:130,(anonymous_3)
DA:1,1
DA:2,1
DA:3,1
DA:4,1
DA:5,1
DA:8,1
DA:9,1
DA:12,1
DA:19,2
DA:21,2
DA:22,1
DA:26,1
DA:27,1
DA:34,1
DA:36,1
DA:37,0
DA:43,1
DA:48,1
DA:49,1
DA:50,1
DA:52,130
DA:54,1
DA:55,1
DA:62,1
LF:24
LH:23
BRDA:21,0,0,1
BRDA:21,0,1,1
BRDA:36,1,0,0
BRDA:36,1,1,1
BRDA:54,2,0,1
BRDA:54,2,1,0
BRF:6
BRH:4
end_of_record
TN:
SF:routes\user.route.js
FN:7,(anonymous_0)
FN:16,(anonymous_1)
FNF:2
FNH:2
FNDA:1,(anonymous_0)
FNDA:1,(anonymous_1)
DA:1,1
DA:2,1
DA:3,1
DA:4,1
DA:7,1
DA:8,1
DA:11,1
DA:17,1
DA:19,1
DA:20,1
DA:26,1
LF:11
LH:11
BRDA:19,0,0,1
BRDA:19,0,1,0
BRF:2
BRH:1
end_of_record
TN:
SF:utils\helper.js
FN:1,(anonymous_0)
FN:5,(anonymous_1)
FN:6,(anonymous_2)
FNF:3
FNH:3
FNDA:1,(anonymous_0)
FNDA:2,(anonymous_1)
FNDA:6,(anonymous_2)
DA:1,1
DA:2,1
DA:5,1
DA:6,6
LF:4
LH:4
BRF:0
BRH:0
end_of_record
TN:
SF:utils\helperIntegration.js
FN:4,save
FNF:1
FNH:1
FNDA:1,save
DA:1,1
DA:2,1
DA:5,1
DA:6,1
DA:7,1
DA:9,0
DA:13,1
LF:7
LH:6
BRF:0
BRH:0
end_of_record
