TN:
SF:routes\article.route.js
FN:8,(anonymous_0)
FN:18,(anonymous_1)
FN:48,(anonymous_2)
FN:52,(anonymous_3)
FN:63,(anonymous_4)
FN:87,(anonymous_5)
FN:91,(anonymous_6)
FN:99,(anonymous_7)
FNF:8
FNH:7
FNDA:1,(anonymous_0)
FNDA:2,(anonymous_1)
FNDA:2,(anonymous_2)
FNDA:348,(anonymous_3)
FNDA:190,(anonymous_4)
FNDA:2,(anonymous_5)
FNDA:380,(anonymous_6)
FNDA:0,(anonymous_7)
DA:1,1
DA:2,1
DA:3,1
DA:4,1
DA:5,1
DA:8,1
DA:9,1
DA:12,1
DA:19,2
DA:21,2
DA:22,1
DA:26,1
DA:27,1
DA:34,1
DA:36,1
DA:37,0
DA:43,1
DA:48,1
DA:49,2
DA:50,2
DA:52,348
DA:54,2
DA:55,1
DA:61,1
DA:63,1
DA:64,190
DA:65,1
DA:71,1
DA:73,189
DA:75,1
DA:77,1
DA:78,0
DA:84,1
DA:87,1
DA:88,2
DA:89,2
DA:91,380
DA:93,2
DA:94,2
DA:99,0
DA:101,0
DA:103,0
DA:104,0
DA:110,0
DA:115,1
LF:45
LH:38
BRDA:21,0,0,1
BRDA:21,0,1,1
BRDA:36,1,0,0
BRDA:36,1,1,1
BRDA:54,2,0,1
BRDA:54,2,1,1
BRDA:64,3,0,1
BRDA:64,3,1,189
BRDA:77,4,0,0
BRDA:77,4,1,1
BRDA:93,5,0,2
BRDA:93,5,1,0
BRDA:103,6,0,0
BRDA:103,6,1,0
BRF:14
BRH:9
end_of_record
TN:
SF:routes\user.route.js
FN:7,(anonymous_0)
FN:16,(anonymous_1)
FNF:2
FNH:2
FNDA:1,(anonymous_0)
FNDA:1,(anonymous_1)
DA:1,1
DA:2,1
DA:3,1
DA:4,1
DA:7,1
DA:8,1
DA:11,1
DA:17,1
DA:19,1
DA:20,1
DA:26,1
LF:11
LH:11
BRDA:19,0,0,1
BRDA:19,0,1,0
BRF:2
BRH:1
end_of_record
TN:
SF:utils\helper.js
FN:1,(anonymous_0)
FN:5,(anonymous_1)
FN:6,(anonymous_2)
FNF:3
FNH:3
FNDA:1,(anonymous_0)
FNDA:2,(anonymous_1)
FNDA:6,(anonymous_2)
DA:1,1
DA:2,1
DA:5,1
DA:6,6
LF:4
LH:4
BRF:0
BRH:0
end_of_record
TN:
SF:utils\helperIntegration.js
FN:4,save
FNF:1
FNH:1
FNDA:2,save
DA:1,1
DA:2,1
DA:5,2
DA:6,2
DA:7,2
DA:9,0
DA:13,1
LF:7
LH:6
BRF:0
BRH:0
end_of_record
